<?xml version="1.0" encoding="UTF-8"?>
<!-- Generated by org.testng.reporters.JUnitXMLReporter -->
<testsuite hostname="WINCTRL-KQB8VEI" ignored="0" name="Test" tests="1" failures="1" timestamp="26 May 2019 06:04:20 GMT" time="15.199" errors="0">
  <testcase name="@AfterTest tearDown" time="0.0" classname="extentReport.ExtentReport1">
    <failure type="org.testng.TestNGException" message="
Can inject only one of &amp;lt;ITestContext, XmlTest&amp;gt; into a @AfterTest annotated tearDown.
For more information on native dependency injection please refer to http://testng.org/doc/documentation-main.html#native-dependency-injection">
      <![CDATA[org.testng.TestNGException: 
Can inject only one of <ITestContext, XmlTest> into a @AfterTest annotated tearDown.
For more information on native dependency injection please refer to http://testng.org/doc/documentation-main.html#native-dependency-injection
... Removed 21 stack frames]]>
    </failure>
  </testcase> <!-- @AfterTest tearDown -->
  <testcase name="verifyBlogTitle" time="15.114" classname="extentReport.ExtentReport1">
    <failure type="java.lang.AssertionError" message="expected [true] but found [false]">
      <![CDATA[java.lang.AssertionError: expected [true] but found [false]
at extentReport.ExtentReport1.verifyBlogTitle(ExtentReport1.java:38)
... Removed 29 stack frames]]>
    </failure>
  </testcase> <!-- verifyBlogTitle -->
</testsuite> <!-- Test -->
